Arguments: 
  /root/.nvm/versions/node/v16.14.0/bin/node /usr/local/bin/yarn install

PATH: 
  /root/.nvm/versions/node/v16.14.0/bin:/usr/local/sbin:/usr/local/bin:/usr/sbin:/usr/bin:/sbin:/bin:/usr/games:/usr/local/games:/snap/bin

Yarn version: 
  1.22.19

Node version: 
  16.14.0

Platform: 
  linux x64

Trace: 
  Error: Client network socket disconnected before secure TLS connection was established
      at connResetException (node:internal/errors:691:14)
      at TLSSocket.onConnectEnd (node:_tls_wrap:1585:19)
      at TLSSocket.emit (node:events:532:35)
      at endReadableNT (node:internal/streams/readable:1346:12)
      at processTicksAndRejections (node:internal/process/task_queues:83:21)

npm manifest: 
  {
    "name": "web3",
    "version": "1.0.0",
    "description": "Basic ",
    "main": "server.js",
    "scripts": {
      "build": "babel ./src --out-dir ./build",
      "start": "node --experimental-modules --es-module-specifier-resolution=node server.js",
      "dev": "nodemon --exec babel-node src/server.js",
      "lint": "eslint ."
    },
    "author": "bete <betekbebe@gmail.com>",
    "license": "ISC",
    "devDependencies": {
      "@babel/cli": "^7.13.10",
      "@babel/core": "^7.13.10",
      "@babel/node": "^7.13.10",
      "@babel/plugin-transform-runtime": "^7.13.10",
      "@babel/preset-env": "^7.13.10",
      "@babel/runtime": "^7.13.10",
      "eslint": "^7.22.0",
      "eslint-config-airbnb-base": "^14.2.1",
      "eslint-config-prettier": "^8.1.0",
      "eslint-plugin-import": "^2.22.1",
      "eslint-plugin-prettier": "^3.3.1",
      "nodemon": "^2.0.7",
      "prettier": "^2.2.1"
    },
    "dependencies": {
      "alchemy-sdk": "^2.8.3",
      "bcrypt": "^5.1.0",
      "bignumber": "^1.1.0",
      "bip39": "^3.1.0",
      "dotenv": "^16.0.3",
      "ethereumjs-tx": "^2.1.2",
      "ethers": "^6.3.0",
      "events": "^3.3.0",
      "express": "^4.18.2",
      "graphql-request": "^5.1.0",
      "hdkey": "^2.1.0",
      "jsonwebtoken": "^9.0.0",
      "jwt-decode": "^3.1.2",
      "web3": "^1.8.1",
      "web3-eth-accounts": "^1.8.1",
      "web3-eth-contract": "^1.8.1",
      "web3-eth-personal": "^1.8.1"
    }
  }

yarn manifest: 
  No manifest

Lockfile: 
  No lockfile
